<?xml version="1.0" encoding="UTF-8" ?>
<testsuite failures="0" time="0.001" errors="1" skipped="0" tests="1" name="com.yeepay.g3.hessian.activity.util.AccountingBaseTest">
  <properties>
    <property name="java.runtime.name" value="Java(TM) SE Runtime Environment"/>
    <property name="sun.boot.library.path" value="C:\Program Files\Java\jdk1.7.0_79\jre\bin"/>
    <property name="java.vm.version" value="24.79-b02"/>
    <property name="java.vm.vendor" value="Oracle Corporation"/>
    <property name="java.vendor.url" value="http://java.oracle.com/"/>
    <property name="path.separator" value=";"/>
    <property name="java.vm.name" value="Java HotSpot(TM) 64-Bit Server VM"/>
    <property name="file.encoding.pkg" value="sun.io"/>
    <property name="user.script" value=""/>
    <property name="user.country" value="CN"/>
    <property name="sun.java.launcher" value="SUN_STANDARD"/>
    <property name="sun.os.patch.level" value=""/>
    <property name="java.vm.specification.name" value="Java Virtual Machine Specification"/>
    <property name="user.dir" value="F:\j2eeEclipseWorkSpace\lm-activity-parent-v1.0\activity-hessian"/>
    <property name="java.runtime.version" value="1.7.0_79-b15"/>
    <property name="java.awt.graphicsenv" value="sun.awt.Win32GraphicsEnvironment"/>
    <property name="basedir" value="F:\j2eeEclipseWorkSpace\lm-activity-parent-v1.0\activity-hessian"/>
    <property name="java.endorsed.dirs" value="C:\Program Files\Java\jdk1.7.0_79\jre\lib\endorsed"/>
    <property name="os.arch" value="amd64"/>
    <property name="surefire.real.class.path" value="C:\Users\洪彬\AppData\Local\Temp\surefirebooter2678069296871835650.jar"/>
    <property name="java.io.tmpdir" value="C:\Users\洪彬\AppData\Local\Temp\"/>
    <property name="line.separator" value="
"/>
    <property name="java.vm.specification.vendor" value="Oracle Corporation"/>
    <property name="user.variant" value=""/>
    <property name="os.name" value="Windows 8.1"/>
    <property name="sun.jnu.encoding" value="GBK"/>
    <property name="java.library.path" value="C:\Program Files\Java\jdk1.7.0_79\jre\bin;C:\windows\Sun\Java\bin;C:\windows\system32;C:\windows;c:\program files (x86)\intel\icls client\;c:\program files\intel\icls client\;C:\windows\system32;C:\windows;C:\windows\system32\wbem;C:\windows\system32\windowspowershell\v1.0\;c:\program files\intel\intel(r) management engine components\dal;c:\program files (x86)\intel\intel(r) management engine components\dal;c:\program files\intel\intel(r) management engine components\ipt;c:\program files (x86)\intel\intel(r) management engine components\ipt;c:\program files (x86)\ati technologies\ati.ace\core-static;c:\program files (x86)\common files\lenovo\easyplussdk\bin;c:\programdata\lenovo\readyapps;c:\program files\tortoisesvn\bin;C:\Program Files\Java\jdk1.7.0_79\bin;C:\Program Files\Java\jdk1.7.0_79\jre\bin;c:\program files\ibm\gsk8\lib64;c:\program files (x86)\ibm\gsk8\lib;F:\DB2_SERVICE\BIN;F:\DB2_SERVICE\FUNCTION;F:\DB2_SERVICE\SAMPLES\REPL;F:\apache-maven-3.2.1\bin;."/>
    <property name="surefire.test.class.path" value="F:\j2eeEclipseWorkSpace\lm-activity-parent-v1.0\activity-hessian\target\test-classes;F:\j2eeEclipseWorkSpace\lm-activity-parent-v1.0\activity-hessian\target\classes;F:\j2eeEclipseWorkSpace\lm-activity-parent-v1.0\activity-core\target\activity-core.jar;F:\maven\repository\org\aspectj\aspectjweaver\1.6.9\aspectjweaver-1.6.9.jar;F:\j2eeEclipseWorkSpace\lm-activity-parent-v1.0\activity-facade\target\activity-facade.jar;F:\maven\repository\joda-time\joda-time\2.4\joda-time-2.4.jar;F:\maven\repository\com\yeepay\g3\common\yeepay-common\1.0-SNAPSHOT\yeepay-common-1.0-SNAPSHOT.jar;F:\maven\repository\junit\junit\4.11\junit-4.11.jar;F:\maven\repository\org\hamcrest\hamcrest-core\1.3\hamcrest-core-1.3.jar;F:\maven\repository\org\springframework\spring-core\3.2.9.RELEASE\spring-core-3.2.9.RELEASE.jar;F:\maven\repository\commons-logging\commons-logging\1.1.3\commons-logging-1.1.3.jar;F:\maven\repository\org\springframework\spring-web\3.2.9.RELEASE\spring-web-3.2.9.RELEASE.jar;F:\maven\repository\org\springframework\spring-context-support\3.2.9.RELEASE\spring-context-support-3.2.9.RELEASE.jar;F:\maven\repository\org\springframework\spring-aop\3.2.9.RELEASE\spring-aop-3.2.9.RELEASE.jar;F:\maven\repository\aopalliance\aopalliance\1.0\aopalliance-1.0.jar;F:\maven\repository\org\mybatis\mybatis\3.0.4\mybatis-3.0.4.jar;F:\maven\repository\org\mybatis\mybatis-spring\1.0.0\mybatis-spring-1.0.0.jar;F:\maven\repository\org\springframework\spring-tx\3.2.9.RELEASE\spring-tx-3.2.9.RELEASE.jar;F:\maven\repository\org\springframework\spring-jdbc\3.2.9.RELEASE\spring-jdbc-3.2.9.RELEASE.jar;F:\maven\repository\org\apache\commons\commons-lang3\3.1\commons-lang3-3.1.jar;F:\maven\repository\commons-codec\commons-codec\1.4\commons-codec-1.4.jar;F:\maven\repository\com\yeepay\g3\utils\yeepay-rmi\1.0-SNAPSHOT\yeepay-rmi-1.0-SNAPSHOT.jar;F:\maven\repository\com\yeepay\g3\utils\yeepay-utils-common\1.0-SNAPSHOT\yeepay-utils-common-1.0-SNAPSHOT.jar;F:\maven\repository\commons-lang\commons-lang\2.5\commons-lang-2.5.jar;F:\maven\repository\commons-beanutils\commons-beanutils\1.8.3\commons-beanutils-1.8.3.jar;F:\maven\repository\commons-collections\commons-collections\3.2.1\commons-collections-3.2.1.jar;F:\maven\repository\commons-dbcp\commons-dbcp\1.4\commons-dbcp-1.4.jar;F:\maven\repository\commons-pool\commons-pool\1.6\commons-pool-1.6.jar;F:\maven\repository\c3p0\c3p0\0.9.1.2\c3p0-0.9.1.2.jar;F:\maven\repository\commons-httpclient\commons-httpclient\3.1\commons-httpclient-3.1.jar;F:\maven\repository\ognl\ognl\3.0.13\ognl-3.0.13.jar;F:\maven\repository\org\javassist\javassist\3.18.1-GA\javassist-3.18.1-GA.jar;F:\maven\repository\org\mvel\mvel2\2.2.7.Final\mvel2-2.2.7.Final.jar;F:\maven\repository\net\sourceforge\pinyin4j\pinyin4j\2.5.0\pinyin4j-2.5.0.jar;F:\maven\repository\com\yeepay\g3\utils\yeepay-jmx-client\1.0-SNAPSHOT\yeepay-jmx-client-1.0-SNAPSHOT.jar;F:\maven\repository\com\yeepay\g3\utils\yeepay-jmx-core\1.0-SNAPSHOT\yeepay-jmx-core-1.0-SNAPSHOT.jar;F:\maven\repository\com\caucho\hessian\4.0.7-yeepay\hessian-4.0.7-yeepay.jar;F:\maven\repository\com\yeepay\g3\utils\yeepay-config\1.0-SNAPSHOT\yeepay-config-1.0-SNAPSHOT.jar;F:\maven\repository\com\yeepay\g3\utils\yeepay-persistence\1.0-SNAPSHOT\yeepay-persistence-1.0-SNAPSHOT.jar;F:\maven\repository\com\ibm\db2\db2jcc4\1.6.0_9.7\db2jcc4-1.6.0_9.7.jar;F:\maven\repository\com\ibm\db2\db2jcc_license_cu\1.4.2_9.7\db2jcc_license_cu-1.4.2_9.7.jar;F:\maven\repository\dom4j\dom4j\1.6.1\dom4j-1.6.1.jar;F:\maven\repository\xml-apis\xml-apis\1.4.01\xml-apis-1.4.01.jar;F:\maven\repository\cglib\cglib\2.2\cglib-2.2.jar;F:\maven\repository\asm\asm\3.1\asm-3.1.jar;F:\maven\repository\com\yeepay\g3\utils\yeepay-cache\1.0-SNAPSHOT\yeepay-cache-1.0-SNAPSHOT.jar;F:\maven\repository\net\sf\ehcache\ehcache-core\2.3.2\ehcache-core-2.3.2.jar;F:\maven\repository\org\slf4j\slf4j-api\1.6.1\slf4j-api-1.6.1.jar;F:\maven\repository\com\alisoft\xplatform\asf\cache\memcache-client-forjava-yeepay\1.0.0\memcache-client-forjava-yeepay-1.0.0.jar;F:\maven\repository\javax\servlet\servlet-api\2.5\servlet-api-2.5.jar;F:\maven\repository\com\yeepay\g3\utils\yeepay-soa\1.0-SNAPSHOT\yeepay-soa-1.0-SNAPSHOT.jar;F:\maven\repository\com\alibaba\dubbo\2.5.4\dubbo-2.5.4.jar;F:\maven\repository\org\springframework\spring-orm\3.2.9.RELEASE\spring-orm-3.2.9.RELEASE.jar;F:\maven\repository\org\apache\zookeeper\zookeeper\3.4.5\zookeeper-3.4.5.jar;F:\maven\repository\org\slf4j\slf4j-log4j12\1.6.1\slf4j-log4j12-1.6.1.jar;F:\maven\repository\jline\jline\0.9.94\jline-0.9.94.jar;F:\maven\repository\commons-net\commons-net\3.3\commons-net-3.3.jar;F:\maven\repository\org\jboss\netty\netty\3.2.10.Final\netty-3.2.10.Final.jar;F:\maven\repository\com\fasterxml\jackson\core\jackson-core\2.2.2\jackson-core-2.2.2.jar;F:\maven\repository\com\fasterxml\jackson\core\jackson-databind\2.2.2\jackson-databind-2.2.2.jar;F:\maven\repository\com\fasterxml\jackson\core\jackson-annotations\2.2.2\jackson-annotations-2.2.2.jar;F:\maven\repository\org\springframework\spring-test\3.2.9.RELEASE\spring-test-3.2.9.RELEASE.jar;F:\maven\repository\org\apache\httpcomponents\httpclient\4.1\httpclient-4.1.jar;F:\maven\repository\org\apache\httpcomponents\httpcore\4.1\httpcore-4.1.jar;F:\maven\repository\com\github\sgroschupf\zkclient\0.1\zkclient-0.1.jar;F:\maven\repository\log4j\log4j\1.2.14\log4j-1.2.14.jar;F:\maven\repository\org\springframework\spring-webmvc\3.2.9.RELEASE\spring-webmvc-3.2.9.RELEASE.jar;F:\maven\repository\org\springframework\spring-beans\3.2.9.RELEASE\spring-beans-3.2.9.RELEASE.jar;F:\maven\repository\org\springframework\spring-context\3.2.9.RELEASE\spring-context-3.2.9.RELEASE.jar;F:\maven\repository\org\springframework\spring-expression\3.2.9.RELEASE\spring-expression-3.2.9.RELEASE.jar;"/>
    <property name="java.specification.name" value="Java Platform API Specification"/>
    <property name="java.class.version" value="51.0"/>
    <property name="sun.management.compiler" value="HotSpot 64-Bit Tiered Compilers"/>
    <property name="os.version" value="6.3"/>
    <property name="user.home" value="C:\Users\洪彬"/>
    <property name="user.timezone" value="Asia/Shanghai"/>
    <property name="java.awt.printerjob" value="sun.awt.windows.WPrinterJob"/>
    <property name="java.specification.version" value="1.7"/>
    <property name="file.encoding" value="UTF-8"/>
    <property name="user.name" value="Admin"/>
    <property name="java.class.path" value="F:\j2eeEclipseWorkSpace\lm-activity-parent-v1.0\activity-hessian\target\test-classes;F:\j2eeEclipseWorkSpace\lm-activity-parent-v1.0\activity-hessian\target\classes;F:\j2eeEclipseWorkSpace\lm-activity-parent-v1.0\activity-core\target\activity-core.jar;F:\maven\repository\org\aspectj\aspectjweaver\1.6.9\aspectjweaver-1.6.9.jar;F:\j2eeEclipseWorkSpace\lm-activity-parent-v1.0\activity-facade\target\activity-facade.jar;F:\maven\repository\joda-time\joda-time\2.4\joda-time-2.4.jar;F:\maven\repository\com\yeepay\g3\common\yeepay-common\1.0-SNAPSHOT\yeepay-common-1.0-SNAPSHOT.jar;F:\maven\repository\junit\junit\4.11\junit-4.11.jar;F:\maven\repository\org\hamcrest\hamcrest-core\1.3\hamcrest-core-1.3.jar;F:\maven\repository\org\springframework\spring-core\3.2.9.RELEASE\spring-core-3.2.9.RELEASE.jar;F:\maven\repository\commons-logging\commons-logging\1.1.3\commons-logging-1.1.3.jar;F:\maven\repository\org\springframework\spring-web\3.2.9.RELEASE\spring-web-3.2.9.RELEASE.jar;F:\maven\repository\org\springframework\spring-context-support\3.2.9.RELEASE\spring-context-support-3.2.9.RELEASE.jar;F:\maven\repository\org\springframework\spring-aop\3.2.9.RELEASE\spring-aop-3.2.9.RELEASE.jar;F:\maven\repository\aopalliance\aopalliance\1.0\aopalliance-1.0.jar;F:\maven\repository\org\mybatis\mybatis\3.0.4\mybatis-3.0.4.jar;F:\maven\repository\org\mybatis\mybatis-spring\1.0.0\mybatis-spring-1.0.0.jar;F:\maven\repository\org\springframework\spring-tx\3.2.9.RELEASE\spring-tx-3.2.9.RELEASE.jar;F:\maven\repository\org\springframework\spring-jdbc\3.2.9.RELEASE\spring-jdbc-3.2.9.RELEASE.jar;F:\maven\repository\org\apache\commons\commons-lang3\3.1\commons-lang3-3.1.jar;F:\maven\repository\commons-codec\commons-codec\1.4\commons-codec-1.4.jar;F:\maven\repository\com\yeepay\g3\utils\yeepay-rmi\1.0-SNAPSHOT\yeepay-rmi-1.0-SNAPSHOT.jar;F:\maven\repository\com\yeepay\g3\utils\yeepay-utils-common\1.0-SNAPSHOT\yeepay-utils-common-1.0-SNAPSHOT.jar;F:\maven\repository\commons-lang\commons-lang\2.5\commons-lang-2.5.jar;F:\maven\repository\commons-beanutils\commons-beanutils\1.8.3\commons-beanutils-1.8.3.jar;F:\maven\repository\commons-collections\commons-collections\3.2.1\commons-collections-3.2.1.jar;F:\maven\repository\commons-dbcp\commons-dbcp\1.4\commons-dbcp-1.4.jar;F:\maven\repository\commons-pool\commons-pool\1.6\commons-pool-1.6.jar;F:\maven\repository\c3p0\c3p0\0.9.1.2\c3p0-0.9.1.2.jar;F:\maven\repository\commons-httpclient\commons-httpclient\3.1\commons-httpclient-3.1.jar;F:\maven\repository\ognl\ognl\3.0.13\ognl-3.0.13.jar;F:\maven\repository\org\javassist\javassist\3.18.1-GA\javassist-3.18.1-GA.jar;F:\maven\repository\org\mvel\mvel2\2.2.7.Final\mvel2-2.2.7.Final.jar;F:\maven\repository\net\sourceforge\pinyin4j\pinyin4j\2.5.0\pinyin4j-2.5.0.jar;F:\maven\repository\com\yeepay\g3\utils\yeepay-jmx-client\1.0-SNAPSHOT\yeepay-jmx-client-1.0-SNAPSHOT.jar;F:\maven\repository\com\yeepay\g3\utils\yeepay-jmx-core\1.0-SNAPSHOT\yeepay-jmx-core-1.0-SNAPSHOT.jar;F:\maven\repository\com\caucho\hessian\4.0.7-yeepay\hessian-4.0.7-yeepay.jar;F:\maven\repository\com\yeepay\g3\utils\yeepay-config\1.0-SNAPSHOT\yeepay-config-1.0-SNAPSHOT.jar;F:\maven\repository\com\yeepay\g3\utils\yeepay-persistence\1.0-SNAPSHOT\yeepay-persistence-1.0-SNAPSHOT.jar;F:\maven\repository\com\ibm\db2\db2jcc4\1.6.0_9.7\db2jcc4-1.6.0_9.7.jar;F:\maven\repository\com\ibm\db2\db2jcc_license_cu\1.4.2_9.7\db2jcc_license_cu-1.4.2_9.7.jar;F:\maven\repository\dom4j\dom4j\1.6.1\dom4j-1.6.1.jar;F:\maven\repository\xml-apis\xml-apis\1.4.01\xml-apis-1.4.01.jar;F:\maven\repository\cglib\cglib\2.2\cglib-2.2.jar;F:\maven\repository\asm\asm\3.1\asm-3.1.jar;F:\maven\repository\com\yeepay\g3\utils\yeepay-cache\1.0-SNAPSHOT\yeepay-cache-1.0-SNAPSHOT.jar;F:\maven\repository\net\sf\ehcache\ehcache-core\2.3.2\ehcache-core-2.3.2.jar;F:\maven\repository\org\slf4j\slf4j-api\1.6.1\slf4j-api-1.6.1.jar;F:\maven\repository\com\alisoft\xplatform\asf\cache\memcache-client-forjava-yeepay\1.0.0\memcache-client-forjava-yeepay-1.0.0.jar;F:\maven\repository\javax\servlet\servlet-api\2.5\servlet-api-2.5.jar;F:\maven\repository\com\yeepay\g3\utils\yeepay-soa\1.0-SNAPSHOT\yeepay-soa-1.0-SNAPSHOT.jar;F:\maven\repository\com\alibaba\dubbo\2.5.4\dubbo-2.5.4.jar;F:\maven\repository\org\springframework\spring-orm\3.2.9.RELEASE\spring-orm-3.2.9.RELEASE.jar;F:\maven\repository\org\apache\zookeeper\zookeeper\3.4.5\zookeeper-3.4.5.jar;F:\maven\repository\org\slf4j\slf4j-log4j12\1.6.1\slf4j-log4j12-1.6.1.jar;F:\maven\repository\jline\jline\0.9.94\jline-0.9.94.jar;F:\maven\repository\commons-net\commons-net\3.3\commons-net-3.3.jar;F:\maven\repository\org\jboss\netty\netty\3.2.10.Final\netty-3.2.10.Final.jar;F:\maven\repository\com\fasterxml\jackson\core\jackson-core\2.2.2\jackson-core-2.2.2.jar;F:\maven\repository\com\fasterxml\jackson\core\jackson-databind\2.2.2\jackson-databind-2.2.2.jar;F:\maven\repository\com\fasterxml\jackson\core\jackson-annotations\2.2.2\jackson-annotations-2.2.2.jar;F:\maven\repository\org\springframework\spring-test\3.2.9.RELEASE\spring-test-3.2.9.RELEASE.jar;F:\maven\repository\org\apache\httpcomponents\httpclient\4.1\httpclient-4.1.jar;F:\maven\repository\org\apache\httpcomponents\httpcore\4.1\httpcore-4.1.jar;F:\maven\repository\com\github\sgroschupf\zkclient\0.1\zkclient-0.1.jar;F:\maven\repository\log4j\log4j\1.2.14\log4j-1.2.14.jar;F:\maven\repository\org\springframework\spring-webmvc\3.2.9.RELEASE\spring-webmvc-3.2.9.RELEASE.jar;F:\maven\repository\org\springframework\spring-beans\3.2.9.RELEASE\spring-beans-3.2.9.RELEASE.jar;F:\maven\repository\org\springframework\spring-context\3.2.9.RELEASE\spring-context-3.2.9.RELEASE.jar;F:\maven\repository\org\springframework\spring-expression\3.2.9.RELEASE\spring-expression-3.2.9.RELEASE.jar;"/>
    <property name="java.vm.specification.version" value="1.7"/>
    <property name="sun.arch.data.model" value="64"/>
    <property name="java.home" value="C:\Program Files\Java\jdk1.7.0_79\jre"/>
    <property name="sun.java.command" value="C:\Users\洪彬\AppData\Local\Temp\surefirebooter2678069296871835650.jar C:\Users\洪彬\AppData\Local\Temp\surefire108612341768626421tmp C:\Users\洪彬\AppData\Local\Temp\surefire7565929181098057677tmp"/>
    <property name="java.specification.vendor" value="Oracle Corporation"/>
    <property name="user.language" value="zh"/>
    <property name="awt.toolkit" value="sun.awt.windows.WToolkit"/>
    <property name="java.vm.info" value="mixed mode"/>
    <property name="java.version" value="1.7.0_79"/>
    <property name="java.ext.dirs" value="C:\Program Files\Java\jdk1.7.0_79\jre\lib\ext;C:\windows\Sun\Java\lib\ext"/>
    <property name="sun.boot.class.path" value="C:\Program Files\Java\jdk1.7.0_79\jre\lib\resources.jar;C:\Program Files\Java\jdk1.7.0_79\jre\lib\rt.jar;C:\Program Files\Java\jdk1.7.0_79\jre\lib\sunrsasign.jar;C:\Program Files\Java\jdk1.7.0_79\jre\lib\jsse.jar;C:\Program Files\Java\jdk1.7.0_79\jre\lib\jce.jar;C:\Program Files\Java\jdk1.7.0_79\jre\lib\charsets.jar;C:\Program Files\Java\jdk1.7.0_79\jre\lib\jfr.jar;C:\Program Files\Java\jdk1.7.0_79\jre\classes"/>
    <property name="java.vendor" value="Oracle Corporation"/>
    <property name="localRepository" value="F:\maven\repository"/>
    <property name="file.separator" value="\"/>
    <property name="java.vendor.url.bug" value="http://bugreport.sun.com/bugreport/"/>
    <property name="sun.cpu.endian" value="little"/>
    <property name="sun.io.unicode.encoding" value="UnicodeLittle"/>
    <property name="sun.desktop" value="windows"/>
    <property name="sun.cpu.isalist" value="amd64"/>
    <property name="disablemsg" value="true"/>
  </properties>
  <testcase time="0" classname="com.yeepay.g3.hessian.activity.util.AccountingBaseTest" name="initializationError">
    <error message="No runnable methods" type="java.lang.Exception">java.lang.Exception: No runnable methods
	at org.junit.runners.BlockJUnit4ClassRunner.validateInstanceMethods(BlockJUnit4ClassRunner.java:169)
	at org.junit.runners.BlockJUnit4ClassRunner.collectInitializationErrors(BlockJUnit4ClassRunner.java:104)
	at org.junit.runners.ParentRunner.validate(ParentRunner.java:355)
	at org.junit.runners.ParentRunner.&lt;init&gt;(ParentRunner.java:76)
	at org.junit.runners.BlockJUnit4ClassRunner.&lt;init&gt;(BlockJUnit4ClassRunner.java:57)
	at org.junit.internal.builders.JUnit4Builder.runnerForClass(JUnit4Builder.java:10)
	at org.junit.runners.model.RunnerBuilder.safeRunnerForClass(RunnerBuilder.java:59)
	at org.junit.internal.builders.AllDefaultPossibilitiesBuilder.runnerForClass(AllDefaultPossibilitiesBuilder.java:26)
	at org.junit.runners.model.RunnerBuilder.safeRunnerForClass(RunnerBuilder.java:59)
	at org.junit.internal.requests.ClassRequest.getRunner(ClassRequest.java:26)
	at org.apache.maven.surefire.junit4.JUnit4TestSet.&lt;init&gt;(JUnit4TestSet.java:45)
	at org.apache.maven.surefire.junit4.JUnit4DirectoryTestSuite.createTestSet(JUnit4DirectoryTestSuite.java:56)
	at org.apache.maven.surefire.suite.AbstractDirectoryTestSuite.locateTestSets(AbstractDirectoryTestSuite.java:96)
	at org.apache.maven.surefire.Surefire.createSuiteFromDefinition(Surefire.java:209)
	at org.apache.maven.surefire.Surefire.run(Surefire.java:156)
	at sun.reflect.NativeMethodAccessorImpl.invoke0(Native Method)
	at sun.reflect.NativeMethodAccessorImpl.invoke(NativeMethodAccessorImpl.java:57)
	at sun.reflect.DelegatingMethodAccessorImpl.invoke(DelegatingMethodAccessorImpl.java:43)
	at java.lang.reflect.Method.invoke(Method.java:606)
	at org.apache.maven.surefire.booter.SurefireBooter.runSuitesInProcess(SurefireBooter.java:345)
	at org.apache.maven.surefire.booter.SurefireBooter.main(SurefireBooter.java:1009)
</error>
  </testcase>
</testsuite>